\BOOKMARK [0][-]{chapter.1}{\376\377\0001\000\040\000M\000o\000d\000u\000l\000e\000\040\000I\000n\000d\000e\000x}{}% 1
\BOOKMARK [1][-]{section.1.1}{\376\377\0001\000.\0001\000\040\000M\000o\000d\000u\000l\000e\000s}{chapter.1}% 2
\BOOKMARK [0][-]{chapter.2}{\376\377\0002\000\040\000H\000i\000e\000r\000a\000r\000c\000h\000i\000c\000a\000l\000\040\000I\000n\000d\000e\000x}{}% 3
\BOOKMARK [1][-]{section.2.1}{\376\377\0002\000.\0001\000\040\000C\000l\000a\000s\000s\000\040\000H\000i\000e\000r\000a\000r\000c\000h\000y}{chapter.2}% 4
\BOOKMARK [0][-]{chapter.3}{\376\377\0003\000\040\000C\000l\000a\000s\000s\000\040\000I\000n\000d\000e\000x}{}% 5
\BOOKMARK [1][-]{section.3.1}{\376\377\0003\000.\0001\000\040\000C\000l\000a\000s\000s\000\040\000L\000i\000s\000t}{chapter.3}% 6
\BOOKMARK [0][-]{chapter.4}{\376\377\0004\000\040\000M\000o\000d\000u\000l\000e\000\040\000D\000o\000c\000u\000m\000e\000n\000t\000a\000t\000i\000o\000n}{}% 7
\BOOKMARK [1][-]{section.4.1}{\376\377\0004\000.\0001\000\040\000M\000y\000S\000Q\000L\000\040\000D\000a\000t\000a\000b\000a\000s\000e\000\040\000C\000o\000n\000n\000e\000c\000t\000o\000r\000\040\000P\000l\000u\000g\000i\000n}{chapter.4}% 8
\BOOKMARK [2][-]{subsection.4.1.1}{\376\377\0004\000.\0001\000.\0001\000\040\000D\000e\000t\000a\000i\000l\000e\000d\000\040\000D\000e\000s\000c\000r\000i\000p\000t\000i\000o\000n}{section.4.1}% 9
\BOOKMARK [0][-]{chapter.5}{\376\377\0005\000\040\000C\000l\000a\000s\000s\000\040\000D\000o\000c\000u\000m\000e\000n\000t\000a\000t\000i\000o\000n}{}% 10
\BOOKMARK [1][-]{section.5.1}{\376\377\0005\000.\0001\000\040\000c\000B\000l\000e\000i\000b\000F\000i\000t\000P\000l\000u\000g\000i\000n\000\040\000C\000l\000a\000s\000s\000\040\000R\000e\000f\000e\000r\000e\000n\000c\000e}{chapter.5}% 11
\BOOKMARK [2][-]{subsection.5.1.1}{\376\377\0005\000.\0001\000.\0001\000\040\000M\000e\000m\000b\000e\000r\000\040\000F\000u\000n\000c\000t\000i\000o\000n\000\040\000D\000o\000c\000u\000m\000e\000n\000t\000a\000t\000i\000o\000n}{section.5.1}% 12
\BOOKMARK [3][-]{subsubsection.5.1.1.1}{\376\377\0005\000.\0001\000.\0001\000.\0001\000\040\000c\000o\000n\000f\000i\000g\000\050\000\051}{subsection.5.1.1}% 13
\BOOKMARK [3][-]{subsubsection.5.1.1.2}{\376\377\0005\000.\0001\000.\0001\000.\0002\000\040\000d\000e\000t\000a\000i\000l\000s\000C\000a\000p\000a\000b\000i\000l\000i\000t\000y\000\050\000\051}{subsection.5.1.1}% 14
\BOOKMARK [3][-]{subsubsection.5.1.1.3}{\376\377\0005\000.\0001\000.\0001\000.\0003\000\040\000i\000n\000g\000r\000e\000d\000i\000e\000n\000t\000N\000a\000m\000e\000\050\000\051}{subsection.5.1.1}% 15
\BOOKMARK [3][-]{subsubsection.5.1.1.4}{\376\377\0005\000.\0001\000.\0001\000.\0004\000\040\000l\000o\000a\000d\000\050\000q\000i\000n\000t\0001\0006\000\040\000i\000I\000n\000d\000e\000x\000\051}{subsection.5.1.1}% 16
\BOOKMARK [3][-]{subsubsection.5.1.1.5}{\376\377\0005\000.\0001\000.\0001\000.\0005\000\040\000p\000l\000u\000g\000i\000n\000A\000P\000I\000V\000e\000r\000s\000i\000o\000n\000\050\000\051}{subsection.5.1.1}% 17
\BOOKMARK [3][-]{subsubsection.5.1.1.6}{\376\377\0005\000.\0001\000.\0001\000.\0006\000\040\000p\000l\000u\000g\000i\000n\000N\000a\000m\000e\000\050\000\051}{subsection.5.1.1}% 18
\BOOKMARK [3][-]{subsubsection.5.1.1.7}{\376\377\0005\000.\0001\000.\0001\000.\0007\000\040\000p\000l\000u\000g\000i\000n\000T\000y\000p\000e\000\050\000\051}{subsection.5.1.1}% 19
\BOOKMARK [3][-]{subsubsection.5.1.1.8}{\376\377\0005\000.\0001\000.\0001\000.\0008\000\040\000p\000l\000u\000g\000i\000n\000V\000e\000r\000s\000i\000o\000n\000\050\000\051}{subsection.5.1.1}% 20
\BOOKMARK [3][-]{subsubsection.5.1.1.9}{\376\377\0005\000.\0001\000.\0001\000.\0009\000\040\000s\000e\000a\000r\000c\000h\000\050\000c\000o\000n\000s\000t\000\040\000Q\000S\000t\000r\000i\000n\000g\000\040\000s\000z\000S\000e\000a\000r\000c\000h\000,\000\040\000c\000o\000n\000s\000t\000\040\000Q\000S\000t\000r\000i\000n\000g\000\040\000s\000z\000D\000e\000t\000a\000i\000l\000s\000=\000Q\000S\000t\000r\000i\000n\000g\000\050\000"\000"\000\051\000\051}{subsection.5.1.1}% 21
\BOOKMARK [3][-]{subsubsection.5.1.1.10}{\376\377\0005\000.\0001\000.\0001\000.\0001\0000\000\040\000v\000a\000l\000u\000e\000\050\000c\000I\000n\000g\000r\000e\000d\000i\000e\000n\000t\000:\000:\000i\000I\000n\000g\000r\000e\000d\000i\000e\000n\000t\000\040\000i\000\051}{subsection.5.1.1}% 22
\BOOKMARK [1][-]{section.5.2}{\376\377\0005\000.\0002\000\040\000c\000C\000o\000n\000f\000i\000g\000D\000i\000a\000l\000o\000g\000\040\000C\000l\000a\000s\000s\000\040\000R\000e\000f\000e\000r\000e\000n\000c\000e}{chapter.5}% 23
\BOOKMARK [2][-]{subsection.5.2.1}{\376\377\0005\000.\0002\000.\0001\000\040\000D\000e\000t\000a\000i\000l\000e\000d\000\040\000D\000e\000s\000c\000r\000i\000p\000t\000i\000o\000n}{section.5.2}% 24
\BOOKMARK [2][-]{subsection.5.2.2}{\376\377\0005\000.\0002\000.\0002\000\040\000C\000o\000n\000s\000t\000r\000u\000c\000t\000o\000r\000\040\000\046\000\040\000D\000e\000s\000t\000r\000u\000c\000t\000o\000r\000\040\000D\000o\000c\000u\000m\000e\000n\000t\000a\000t\000i\000o\000n}{section.5.2}% 25
\BOOKMARK [3][-]{subsubsection.5.2.2.1}{\376\377\0005\000.\0002\000.\0002\000.\0001\000\040\000c\000C\000o\000n\000f\000i\000g\000D\000i\000a\000l\000o\000g\000\050\000Q\000W\000i\000d\000g\000e\000t\000\040\000*\000p\000a\000r\000e\000n\000t\000=\0000\000\051}{subsection.5.2.2}% 26
\BOOKMARK [2][-]{subsection.5.2.3}{\376\377\0005\000.\0002\000.\0003\000\040\000M\000e\000m\000b\000e\000r\000\040\000F\000u\000n\000c\000t\000i\000o\000n\000\040\000D\000o\000c\000u\000m\000e\000n\000t\000a\000t\000i\000o\000n}{section.5.2}% 27
\BOOKMARK [3][-]{subsubsection.5.2.3.1}{\376\377\0005\000.\0002\000.\0003\000.\0001\000\040\000d\000a\000t\000a\000b\000a\000s\000e\000\050\000\051}{subsection.5.2.3}% 28
\BOOKMARK [3][-]{subsubsection.5.2.3.2}{\376\377\0005\000.\0002\000.\0003\000.\0002\000\040\000h\000o\000s\000t\000n\000a\000m\000e\000\050\000\051}{subsection.5.2.3}% 29
\BOOKMARK [3][-]{subsubsection.5.2.3.3}{\376\377\0005\000.\0002\000.\0003\000.\0003\000\040\000p\000a\000s\000s\000w\000o\000r\000d\000\050\000\051}{subsection.5.2.3}% 30
\BOOKMARK [3][-]{subsubsection.5.2.3.4}{\376\377\0005\000.\0002\000.\0003\000.\0004\000\040\000s\000e\000t\000D\000a\000t\000a\000b\000a\000s\000e\000\050\000c\000o\000n\000s\000t\000\040\000Q\000S\000t\000r\000i\000n\000g\000\040\000s\000z\000D\000a\000t\000a\000b\000a\000s\000e\000\051}{subsection.5.2.3}% 31
\BOOKMARK [3][-]{subsubsection.5.2.3.5}{\376\377\0005\000.\0002\000.\0003\000.\0005\000\040\000s\000e\000t\000H\000o\000s\000t\000n\000a\000m\000e\000\050\000c\000o\000n\000s\000t\000\040\000Q\000S\000t\000r\000i\000n\000g\000\040\000s\000z\000H\000o\000s\000t\000n\000a\000m\000e\000\051}{subsection.5.2.3}% 32
\BOOKMARK [3][-]{subsubsection.5.2.3.6}{\376\377\0005\000.\0002\000.\0003\000.\0006\000\040\000s\000e\000t\000P\000a\000s\000s\000w\000o\000r\000d\000\050\000c\000o\000n\000s\000t\000\040\000Q\000S\000t\000r\000i\000n\000g\000\040\000s\000z\000P\000a\000s\000s\000w\000o\000r\000d\000\051}{subsection.5.2.3}% 33
\BOOKMARK [3][-]{subsubsection.5.2.3.7}{\376\377\0005\000.\0002\000.\0003\000.\0007\000\040\000s\000e\000t\000U\000s\000e\000r\000N\000a\000m\000e\000\050\000c\000o\000n\000s\000t\000\040\000Q\000S\000t\000r\000i\000n\000g\000\040\000s\000z\000U\000s\000e\000r\000N\000a\000m\000e\000\051}{subsection.5.2.3}% 34
\BOOKMARK [3][-]{subsubsection.5.2.3.8}{\376\377\0005\000.\0002\000.\0003\000.\0008\000\040\000u\000s\000e\000r\000N\000a\000m\000e\000\050\000\051}{subsection.5.2.3}% 35
\BOOKMARK [1][-]{section.5.3}{\376\377\0005\000.\0003\000\040\000c\000D\000B\000I\000n\000t\000e\000r\000f\000a\000c\000e\000\040\000C\000l\000a\000s\000s\000\040\000R\000e\000f\000e\000r\000e\000n\000c\000e}{chapter.5}% 36
\BOOKMARK [2][-]{subsection.5.3.1}{\376\377\0005\000.\0003\000.\0001\000\040\000M\000e\000m\000b\000e\000r\000\040\000F\000u\000n\000c\000t\000i\000o\000n\000\040\000D\000o\000c\000u\000m\000e\000n\000t\000a\000t\000i\000o\000n}{section.5.3}% 37
\BOOKMARK [3][-]{subsubsection.5.3.1.1}{\376\377\0005\000.\0003\000.\0001\000.\0001\000\040\000c\000o\000n\000n\000e\000c\000t\000\050\000\051\000=\0000}{subsection.5.3.1}% 38
\BOOKMARK [3][-]{subsubsection.5.3.1.2}{\376\377\0005\000.\0003\000.\0001\000.\0002\000\040\000c\000o\000n\000n\000e\000c\000t\000e\000d\000\050\000\051}{subsection.5.3.1}% 39
\BOOKMARK [3][-]{subsubsection.5.3.1.3}{\376\377\0005\000.\0003\000.\0001\000.\0003\000\040\000i\000n\000i\000t\000\050\000\051\000=\0000}{subsection.5.3.1}% 40
\BOOKMARK [3][-]{subsubsection.5.3.1.4}{\376\377\0005\000.\0003\000.\0001\000.\0004\000\040\000l\000a\000s\000t\000E\000r\000r\000o\000r\000\050\000\051}{subsection.5.3.1}% 41
\BOOKMARK [2][-]{subsection.5.3.2}{\376\377\0005\000.\0003\000.\0002\000\040\000M\000e\000m\000b\000e\000r\000\040\000D\000a\000t\000a\000\040\000D\000o\000c\000u\000m\000e\000n\000t\000a\000t\000i\000o\000n}{section.5.3}% 42
\BOOKMARK [3][-]{subsubsection.5.3.2.1}{\376\377\0005\000.\0003\000.\0002\000.\0001\000\040\000m\000b\000C\000o\000n\000n\000e\000c\000t\000e\000d}{subsection.5.3.2}% 43
\BOOKMARK [1][-]{section.5.4}{\376\377\0005\000.\0004\000\040\000c\000E\000r\000n\000a\000e\000h\000r\000u\000n\000g\000P\000l\000u\000g\000i\000n\000\040\000C\000l\000a\000s\000s\000\040\000R\000e\000f\000e\000r\000e\000n\000c\000e}{chapter.5}% 44
\BOOKMARK [2][-]{subsection.5.4.1}{\376\377\0005\000.\0004\000.\0001\000\040\000M\000e\000m\000b\000e\000r\000\040\000F\000u\000n\000c\000t\000i\000o\000n\000\040\000D\000o\000c\000u\000m\000e\000n\000t\000a\000t\000i\000o\000n}{section.5.4}% 45
\BOOKMARK [3][-]{subsubsection.5.4.1.1}{\376\377\0005\000.\0004\000.\0001\000.\0001\000\040\000c\000o\000n\000f\000i\000g\000\050\000\051}{subsection.5.4.1}% 46
\BOOKMARK [3][-]{subsubsection.5.4.1.2}{\376\377\0005\000.\0004\000.\0001\000.\0002\000\040\000d\000e\000t\000a\000i\000l\000s\000C\000a\000p\000a\000b\000i\000l\000i\000t\000y\000\050\000\051}{subsection.5.4.1}% 47
\BOOKMARK [3][-]{subsubsection.5.4.1.3}{\376\377\0005\000.\0004\000.\0001\000.\0003\000\040\000i\000n\000g\000r\000e\000d\000i\000e\000n\000t\000N\000a\000m\000e\000\050\000\051}{subsection.5.4.1}% 48
\BOOKMARK [3][-]{subsubsection.5.4.1.4}{\376\377\0005\000.\0004\000.\0001\000.\0004\000\040\000l\000o\000a\000d\000\050\000q\000i\000n\000t\0001\0006\000\040\000i\000I\000n\000d\000e\000x\000\051}{subsection.5.4.1}% 49
\BOOKMARK [3][-]{subsubsection.5.4.1.5}{\376\377\0005\000.\0004\000.\0001\000.\0005\000\040\000p\000l\000u\000g\000i\000n\000A\000P\000I\000V\000e\000r\000s\000i\000o\000n\000\050\000\051}{subsection.5.4.1}% 50
\BOOKMARK [3][-]{subsubsection.5.4.1.6}{\376\377\0005\000.\0004\000.\0001\000.\0006\000\040\000p\000l\000u\000g\000i\000n\000N\000a\000m\000e\000\050\000\051}{subsection.5.4.1}% 51
\BOOKMARK [3][-]{subsubsection.5.4.1.7}{\376\377\0005\000.\0004\000.\0001\000.\0007\000\040\000p\000l\000u\000g\000i\000n\000T\000y\000p\000e\000\050\000\051}{subsection.5.4.1}% 52
\BOOKMARK [3][-]{subsubsection.5.4.1.8}{\376\377\0005\000.\0004\000.\0001\000.\0008\000\040\000p\000l\000u\000g\000i\000n\000V\000e\000r\000s\000i\000o\000n\000\050\000\051}{subsection.5.4.1}% 53
\BOOKMARK [3][-]{subsubsection.5.4.1.9}{\376\377\0005\000.\0004\000.\0001\000.\0009\000\040\000s\000e\000a\000r\000c\000h\000\050\000c\000o\000n\000s\000t\000\040\000Q\000S\000t\000r\000i\000n\000g\000\040\000s\000z\000S\000e\000a\000r\000c\000h\000,\000\040\000c\000o\000n\000s\000t\000\040\000Q\000S\000t\000r\000i\000n\000g\000\040\000s\000z\000D\000e\000t\000a\000i\000l\000s\000=\000Q\000S\000t\000r\000i\000n\000g\000\050\000"\000"\000\051\000\051}{subsection.5.4.1}% 54
\BOOKMARK [3][-]{subsubsection.5.4.1.10}{\376\377\0005\000.\0004\000.\0001\000.\0001\0000\000\040\000v\000a\000l\000u\000e\000\050\000c\000I\000n\000g\000r\000e\000d\000i\000e\000n\000t\000:\000:\000i\000I\000n\000g\000r\000e\000d\000i\000e\000n\000t\000\040\000i\000\051}{subsection.5.4.1}% 55
\BOOKMARK [1][-]{section.5.5}{\376\377\0005\000.\0005\000\040\000c\000I\000m\000p\000o\000r\000t\000I\000n\000t\000e\000r\000f\000a\000c\000e\000\040\000C\000l\000a\000s\000s\000\040\000R\000e\000f\000e\000r\000e\000n\000c\000e}{chapter.5}% 56
\BOOKMARK [2][-]{subsection.5.5.1}{\376\377\0005\000.\0005\000.\0001\000\040\000D\000e\000t\000a\000i\000l\000e\000d\000\040\000D\000e\000s\000c\000r\000i\000p\000t\000i\000o\000n}{section.5.5}% 57
\BOOKMARK [2][-]{subsection.5.5.2}{\376\377\0005\000.\0005\000.\0002\000\040\000M\000e\000m\000b\000e\000r\000\040\000F\000u\000n\000c\000t\000i\000o\000n\000\040\000D\000o\000c\000u\000m\000e\000n\000t\000a\000t\000i\000o\000n}{section.5.5}% 58
\BOOKMARK [3][-]{subsubsection.5.5.2.1}{\376\377\0005\000.\0005\000.\0002\000.\0001\000\040\000d\000e\000t\000a\000i\000l\000s\000C\000a\000p\000a\000b\000i\000l\000i\000t\000y\000\050\000\051\000=\0000}{subsection.5.5.2}% 59
\BOOKMARK [3][-]{subsubsection.5.5.2.2}{\376\377\0005\000.\0005\000.\0002\000.\0002\000\040\000g\000r\000o\000u\000p\000\050\000c\000I\000n\000g\000r\000e\000d\000i\000e\000n\000t\000:\000:\000i\000I\000n\000g\000r\000e\000d\000i\000e\000n\000t\000\040\000i\000\051}{subsection.5.5.2}% 60
\BOOKMARK [3][-]{subsubsection.5.5.2.3}{\376\377\0005\000.\0005\000.\0002\000.\0003\000\040\000i\000n\000g\000r\000e\000d\000i\000e\000n\000t\000N\000a\000m\000e\000\050\000\051\000=\0000}{subsection.5.5.2}% 61
\BOOKMARK [3][-]{subsubsection.5.5.2.4}{\376\377\0005\000.\0005\000.\0002\000.\0004\000\040\000l\000o\000a\000d\000\050\000q\000i\000n\000t\0001\0006\000\040\000i\000I\000n\000d\000e\000x\000\051\000=\0000}{subsection.5.5.2}% 62
\BOOKMARK [3][-]{subsubsection.5.5.2.5}{\376\377\0005\000.\0005\000.\0002\000.\0005\000\040\000l\000o\000a\000d\000e\000d\000\050\000\051}{subsection.5.5.2}% 63
\BOOKMARK [3][-]{subsubsection.5.5.2.6}{\376\377\0005\000.\0005\000.\0002\000.\0006\000\040\000n\000a\000m\000e\000\050\000c\000I\000n\000g\000r\000e\000d\000i\000e\000n\000t\000:\000:\000i\000I\000n\000g\000r\000e\000d\000i\000e\000n\000t\000\040\000i\000\051}{subsection.5.5.2}% 64
\BOOKMARK [3][-]{subsubsection.5.5.2.7}{\376\377\0005\000.\0005\000.\0002\000.\0007\000\040\000s\000e\000a\000r\000c\000h\000\050\000c\000o\000n\000s\000t\000\040\000Q\000S\000t\000r\000i\000n\000g\000\040\000s\000z\000S\000e\000a\000r\000c\000h\000,\000\040\000c\000o\000n\000s\000t\000\040\000Q\000S\000t\000r\000i\000n\000g\000\040\000s\000z\000D\000e\000t\000a\000i\000l\000s\000=\000Q\000S\000t\000r\000i\000n\000g\000\050\000"\000"\000\051\000\051\000=\0000}{subsection.5.5.2}% 65
\BOOKMARK [3][-]{subsubsection.5.5.2.8}{\376\377\0005\000.\0005\000.\0002\000.\0008\000\040\000v\000a\000l\000u\000e\000\050\000c\000I\000n\000g\000r\000e\000d\000i\000e\000n\000t\000:\000:\000i\000I\000n\000g\000r\000e\000d\000i\000e\000n\000t\000\040\000i\000\051\000=\0000}{subsection.5.5.2}% 66
\BOOKMARK [2][-]{subsection.5.5.3}{\376\377\0005\000.\0005\000.\0003\000\040\000M\000e\000m\000b\000e\000r\000\040\000D\000a\000t\000a\000\040\000D\000o\000c\000u\000m\000e\000n\000t\000a\000t\000i\000o\000n}{section.5.5}% 67
\BOOKMARK [3][-]{subsubsection.5.5.3.1}{\376\377\0005\000.\0005\000.\0003\000.\0001\000\040\000m\000b\000L\000o\000a\000d\000e\000d}{subsection.5.5.3}% 68
\BOOKMARK [3][-]{subsubsection.5.5.3.2}{\376\377\0005\000.\0005\000.\0003\000.\0002\000\040\000m\000i\000L\000o\000a\000d\000e\000d\000I\000n\000d\000e\000x}{subsection.5.5.3}% 69
\BOOKMARK [1][-]{section.5.6}{\376\377\0005\000.\0006\000\040\000c\000I\000n\000g\000r\000e\000d\000i\000e\000n\000t\000\040\000C\000l\000a\000s\000s\000\040\000R\000e\000f\000e\000r\000e\000n\000c\000e}{chapter.5}% 70
\BOOKMARK [2][-]{subsection.5.6.1}{\376\377\0005\000.\0006\000.\0001\000\040\000M\000e\000m\000b\000e\000r\000\040\000F\000u\000n\000c\000t\000i\000o\000n\000\040\000D\000o\000c\000u\000m\000e\000n\000t\000a\000t\000i\000o\000n}{section.5.6}% 71
\BOOKMARK [3][-]{subsubsection.5.6.1.1}{\376\377\0005\000.\0006\000.\0001\000.\0001\000\040\000g\000r\000o\000u\000p\000\050\000c\000I\000n\000g\000r\000e\000d\000i\000e\000n\000t\000:\000:\000i\000I\000n\000g\000r\000e\000d\000i\000e\000n\000t\000\040\000i\000\051}{subsection.5.6.1}% 72
\BOOKMARK [3][-]{subsubsection.5.6.1.2}{\376\377\0005\000.\0006\000.\0001\000.\0002\000\040\000n\000a\000m\000e\000\050\000c\000I\000n\000g\000r\000e\000d\000i\000e\000n\000t\000:\000:\000i\000I\000n\000g\000r\000e\000d\000i\000e\000n\000t\000\040\000i\000\051}{subsection.5.6.1}% 73
\BOOKMARK [3][-]{subsubsection.5.6.1.3}{\376\377\0005\000.\0006\000.\0001\000.\0003\000\040\000r\000e\000l\000o\000a\000d\000\050\000\051}{subsection.5.6.1}% 74
\BOOKMARK [3][-]{subsubsection.5.6.1.4}{\376\377\0005\000.\0006\000.\0001\000.\0004\000\040\000s\000a\000v\000e\000\050\000\051}{subsection.5.6.1}% 75
\BOOKMARK [1][-]{section.5.7}{\376\377\0005\000.\0007\000\040\000c\000I\000n\000t\000e\000r\000f\000a\000c\000e\000\040\000C\000l\000a\000s\000s\000\040\000R\000e\000f\000e\000r\000e\000n\000c\000e}{chapter.5}% 76
\BOOKMARK [2][-]{subsection.5.7.1}{\376\377\0005\000.\0007\000.\0001\000\040\000M\000e\000m\000b\000e\000r\000\040\000F\000u\000n\000c\000t\000i\000o\000n\000\040\000D\000o\000c\000u\000m\000e\000n\000t\000a\000t\000i\000o\000n}{section.5.7}% 77
\BOOKMARK [3][-]{subsubsection.5.7.1.1}{\376\377\0005\000.\0007\000.\0001\000.\0001\000\040\000c\000o\000n\000f\000i\000g\000\050\000\051\000=\0000}{subsection.5.7.1}% 78
\BOOKMARK [3][-]{subsubsection.5.7.1.2}{\376\377\0005\000.\0007\000.\0001\000.\0002\000\040\000p\000l\000u\000g\000i\000n\000A\000P\000I\000V\000e\000r\000s\000i\000o\000n\000\050\000\051\000=\0000}{subsection.5.7.1}% 79
\BOOKMARK [3][-]{subsubsection.5.7.1.3}{\376\377\0005\000.\0007\000.\0001\000.\0003\000\040\000p\000l\000u\000g\000i\000n\000N\000a\000m\000e\000\050\000\051\000=\0000}{subsection.5.7.1}% 80
\BOOKMARK [3][-]{subsubsection.5.7.1.4}{\376\377\0005\000.\0007\000.\0001\000.\0004\000\040\000p\000l\000u\000g\000i\000n\000T\000y\000p\000e\000\050\000\051\000=\0000}{subsection.5.7.1}% 81
\BOOKMARK [3][-]{subsubsection.5.7.1.5}{\376\377\0005\000.\0007\000.\0001\000.\0005\000\040\000p\000l\000u\000g\000i\000n\000V\000e\000r\000s\000i\000o\000n\000\050\000\051\000=\0000}{subsection.5.7.1}% 82
\BOOKMARK [1][-]{section.5.8}{\376\377\0005\000.\0008\000\040\000c\000M\000a\000i\000n\000W\000i\000n\000d\000o\000w\000\040\000C\000l\000a\000s\000s\000\040\000R\000e\000f\000e\000r\000e\000n\000c\000e}{chapter.5}% 83
\BOOKMARK [2][-]{subsection.5.8.1}{\376\377\0005\000.\0008\000.\0001\000\040\000C\000o\000n\000s\000t\000r\000u\000c\000t\000o\000r\000\040\000\046\000\040\000D\000e\000s\000t\000r\000u\000c\000t\000o\000r\000\040\000D\000o\000c\000u\000m\000e\000n\000t\000a\000t\000i\000o\000n}{section.5.8}% 84
\BOOKMARK [3][-]{subsubsection.5.8.1.1}{\376\377\0005\000.\0008\000.\0001\000.\0001\000\040\000c\000M\000a\000i\000n\000W\000i\000n\000d\000o\000w\000\050\000Q\000W\000i\000d\000g\000e\000t\000\040\000*\000p\000a\000r\000e\000n\000t\000=\0000\000\051}{subsection.5.8.1}% 85
\BOOKMARK [2][-]{subsection.5.8.2}{\376\377\0005\000.\0008\000.\0002\000\040\000M\000e\000m\000b\000e\000r\000\040\000F\000u\000n\000c\000t\000i\000o\000n\000\040\000D\000o\000c\000u\000m\000e\000n\000t\000a\000t\000i\000o\000n}{section.5.8}% 86
\BOOKMARK [3][-]{subsubsection.5.8.2.1}{\376\377\0005\000.\0008\000.\0002\000.\0001\000\040\000p\000l\000u\000g\000i\000n\000L\000i\000s\000t\000\050\000\051}{subsection.5.8.2}% 87
\BOOKMARK [1][-]{section.5.9}{\376\377\0005\000.\0009\000\040\000c\000M\000d\000i\000A\000r\000e\000a\000\040\000C\000l\000a\000s\000s\000\040\000R\000e\000f\000e\000r\000e\000n\000c\000e}{chapter.5}% 88
\BOOKMARK [1][-]{section.5.10}{\376\377\0005\000.\0001\0000\000\040\000c\000M\000y\000S\000Q\000L\000P\000l\000u\000g\000i\000n\000\040\000C\000l\000a\000s\000s\000\040\000R\000e\000f\000e\000r\000e\000n\000c\000e}{chapter.5}% 89
\BOOKMARK [2][-]{subsection.5.10.1}{\376\377\0005\000.\0001\0000\000.\0001\000\040\000D\000e\000t\000a\000i\000l\000e\000d\000\040\000D\000e\000s\000c\000r\000i\000p\000t\000i\000o\000n}{section.5.10}% 90
\BOOKMARK [2][-]{subsection.5.10.2}{\376\377\0005\000.\0001\0000\000.\0002\000\040\000M\000e\000m\000b\000e\000r\000\040\000F\000u\000n\000c\000t\000i\000o\000n\000\040\000D\000o\000c\000u\000m\000e\000n\000t\000a\000t\000i\000o\000n}{section.5.10}% 91
\BOOKMARK [3][-]{subsubsection.5.10.2.1}{\376\377\0005\000.\0001\0000\000.\0002\000.\0001\000\040\000c\000o\000n\000f\000i\000g\000\050\000\051}{subsection.5.10.2}% 92
\BOOKMARK [3][-]{subsubsection.5.10.2.2}{\376\377\0005\000.\0001\0000\000.\0002\000.\0002\000\040\000c\000o\000n\000n\000e\000c\000t\000\050\000\051}{subsection.5.10.2}% 93
\BOOKMARK [3][-]{subsubsection.5.10.2.3}{\376\377\0005\000.\0001\0000\000.\0002\000.\0003\000\040\000i\000n\000i\000t\000\050\000\051}{subsection.5.10.2}% 94
\BOOKMARK [3][-]{subsubsection.5.10.2.4}{\376\377\0005\000.\0001\0000\000.\0002\000.\0004\000\040\000l\000a\000s\000t\000E\000r\000r\000o\000r\000\050\000\051}{subsection.5.10.2}% 95
\BOOKMARK [3][-]{subsubsection.5.10.2.5}{\376\377\0005\000.\0001\0000\000.\0002\000.\0005\000\040\000o\000p\000e\000n\000\050\000\051}{subsection.5.10.2}% 96
\BOOKMARK [3][-]{subsubsection.5.10.2.6}{\376\377\0005\000.\0001\0000\000.\0002\000.\0006\000\040\000p\000l\000u\000g\000i\000n\000A\000P\000I\000V\000e\000r\000s\000i\000o\000n\000\050\000\051}{subsection.5.10.2}% 97
\BOOKMARK [3][-]{subsubsection.5.10.2.7}{\376\377\0005\000.\0001\0000\000.\0002\000.\0007\000\040\000p\000l\000u\000g\000i\000n\000N\000a\000m\000e\000\050\000\051}{subsection.5.10.2}% 98
\BOOKMARK [3][-]{subsubsection.5.10.2.8}{\376\377\0005\000.\0001\0000\000.\0002\000.\0008\000\040\000p\000l\000u\000g\000i\000n\000T\000y\000p\000e\000\050\000\051}{subsection.5.10.2}% 99
\BOOKMARK [3][-]{subsubsection.5.10.2.9}{\376\377\0005\000.\0001\0000\000.\0002\000.\0009\000\040\000p\000l\000u\000g\000i\000n\000V\000e\000r\000s\000i\000o\000n\000\050\000\051}{subsection.5.10.2}% 100
\BOOKMARK [2][-]{subsection.5.10.3}{\376\377\0005\000.\0001\0000\000.\0003\000\040\000M\000e\000m\000b\000e\000r\000\040\000D\000a\000t\000a\000\040\000D\000o\000c\000u\000m\000e\000n\000t\000a\000t\000i\000o\000n}{section.5.10}% 101
\BOOKMARK [3][-]{subsubsection.5.10.3.1}{\376\377\0005\000.\0001\0000\000.\0003\000.\0001\000\040\000m\000d\000b}{subsection.5.10.3}% 102
\BOOKMARK [3][-]{subsubsection.5.10.3.2}{\376\377\0005\000.\0001\0000\000.\0003\000.\0002\000\040\000m\000s\000z\000L\000a\000s\000t\000E\000r\000r\000o\000r}{subsection.5.10.3}% 103
\BOOKMARK [1][-]{section.5.11}{\376\377\0005\000.\0001\0001\000\040\000c\000O\000p\000t\000i\000o\000n\000s\000\040\000C\000l\000a\000s\000s\000\040\000R\000e\000f\000e\000r\000e\000n\000c\000e}{chapter.5}% 104
\BOOKMARK [2][-]{subsection.5.11.1}{\376\377\0005\000.\0001\0001\000.\0001\000\040\000C\000o\000n\000s\000t\000r\000u\000c\000t\000o\000r\000\040\000\046\000\040\000D\000e\000s\000t\000r\000u\000c\000t\000o\000r\000\040\000D\000o\000c\000u\000m\000e\000n\000t\000a\000t\000i\000o\000n}{section.5.11}% 105
\BOOKMARK [3][-]{subsubsection.5.11.1.1}{\376\377\0005\000.\0001\0001\000.\0001\000.\0001\000\040\000c\000O\000p\000t\000i\000o\000n\000s\000\050\000Q\000W\000i\000d\000g\000e\000t\000\040\000*\000p\000a\000r\000e\000n\000t\000=\0000\000\051}{subsection.5.11.1}% 106
\BOOKMARK [1][-]{section.5.12}{\376\377\0005\000.\0001\0002\000\040\000c\000O\000p\000t\000i\000o\000n\000s\000P\000l\000u\000g\000i\000n\000s\000\040\000C\000l\000a\000s\000s\000\040\000R\000e\000f\000e\000r\000e\000n\000c\000e}{chapter.5}% 107
\BOOKMARK [2][-]{subsection.5.12.1}{\376\377\0005\000.\0001\0002\000.\0001\000\040\000C\000o\000n\000s\000t\000r\000u\000c\000t\000o\000r\000\040\000\046\000\040\000D\000e\000s\000t\000r\000u\000c\000t\000o\000r\000\040\000D\000o\000c\000u\000m\000e\000n\000t\000a\000t\000i\000o\000n}{section.5.12}% 108
\BOOKMARK [3][-]{subsubsection.5.12.1.1}{\376\377\0005\000.\0001\0002\000.\0001\000.\0001\000\040\000c\000O\000p\000t\000i\000o\000n\000s\000P\000l\000u\000g\000i\000n\000s\000\050\000Q\000W\000i\000d\000g\000e\000t\000\040\000*\000p\000a\000r\000e\000n\000t\000=\0000\000\051}{subsection.5.12.1}% 109
\BOOKMARK [2][-]{subsection.5.12.2}{\376\377\0005\000.\0001\0002\000.\0002\000\040\000M\000e\000m\000b\000e\000r\000\040\000F\000u\000n\000c\000t\000i\000o\000n\000\040\000D\000o\000c\000u\000m\000e\000n\000t\000a\000t\000i\000o\000n}{section.5.12}% 110
\BOOKMARK [3][-]{subsubsection.5.12.2.1}{\376\377\0005\000.\0001\0002\000.\0002\000.\0001\000\040\000s\000e\000t\000P\000l\000u\000g\000i\000n\000s\000\050\000Q\000L\000i\000s\000t\000<\000\040\000c\000P\000l\000u\000g\000i\000n\000\040\000*\000\040\000>\000\040\000p\000l\000u\000g\000i\000n\000s\000\051}{subsection.5.12.2}% 111
\BOOKMARK [3][-]{subsubsection.5.12.2.2}{\376\377\0005\000.\0001\0002\000.\0002\000.\0002\000\040\000s\000h\000o\000w\000C\000o\000n\000f\000i\000g\000D\000l\000g\000\050\000c\000o\000n\000s\000t\000\040\000Q\000M\000o\000d\000e\000l\000I\000n\000d\000e\000x\000\040\000i\000n\000d\000e\000x\000\051}{subsection.5.12.2}% 112
\BOOKMARK [1][-]{section.5.13}{\376\377\0005\000.\0001\0003\000\040\000c\000P\000l\000u\000g\000i\000n\000\040\000C\000l\000a\000s\000s\000\040\000R\000e\000f\000e\000r\000e\000n\000c\000e}{chapter.5}% 113
\BOOKMARK [2][-]{subsection.5.13.1}{\376\377\0005\000.\0001\0003\000.\0001\000\040\000M\000e\000m\000b\000e\000r\000\040\000F\000u\000n\000c\000t\000i\000o\000n\000\040\000D\000o\000c\000u\000m\000e\000n\000t\000a\000t\000i\000o\000n}{section.5.13}% 114
\BOOKMARK [3][-]{subsubsection.5.13.1.1}{\376\377\0005\000.\0001\0003\000.\0001\000.\0001\000\040\000a\000c\000t\000i\000o\000n\000\050\000\051}{subsection.5.13.1}% 115
\BOOKMARK [3][-]{subsubsection.5.13.1.2}{\376\377\0005\000.\0001\0003\000.\0001\000.\0002\000\040\000c\000a\000p\000a\000b\000i\000l\000i\000t\000y\000\050\000\051}{subsection.5.13.1}% 116
\BOOKMARK [3][-]{subsubsection.5.13.1.3}{\376\377\0005\000.\0001\0003\000.\0001\000.\0003\000\040\000d\000b\000I\000n\000t\000e\000r\000f\000a\000c\000e\000\050\000\051}{subsection.5.13.1}% 117
\BOOKMARK [3][-]{subsubsection.5.13.1.4}{\376\377\0005\000.\0001\0003\000.\0001\000.\0004\000\040\000i\000m\000p\000o\000r\000t\000I\000n\000t\000e\000r\000f\000a\000c\000e\000\050\000\051}{subsection.5.13.1}% 118
\BOOKMARK [3][-]{subsubsection.5.13.1.5}{\376\377\0005\000.\0001\0003\000.\0001\000.\0005\000\040\000i\000s\000V\000a\000l\000i\000d\000\050\000\051}{subsection.5.13.1}% 119
\BOOKMARK [3][-]{subsubsection.5.13.1.6}{\376\377\0005\000.\0001\0003\000.\0001\000.\0006\000\040\000p\000l\000u\000g\000i\000n\000A\000P\000I\000V\000e\000r\000s\000i\000o\000n\000\050\000\051}{subsection.5.13.1}% 120
\BOOKMARK [3][-]{subsubsection.5.13.1.7}{\376\377\0005\000.\0001\0003\000.\0001\000.\0007\000\040\000p\000l\000u\000g\000i\000n\000F\000i\000l\000e\000\050\000\051}{subsection.5.13.1}% 121
\BOOKMARK [3][-]{subsubsection.5.13.1.8}{\376\377\0005\000.\0001\0003\000.\0001\000.\0008\000\040\000p\000l\000u\000g\000i\000n\000N\000a\000m\000e\000\050\000\051}{subsection.5.13.1}% 122
\BOOKMARK [3][-]{subsubsection.5.13.1.9}{\376\377\0005\000.\0001\0003\000.\0001\000.\0009\000\040\000p\000l\000u\000g\000i\000n\000V\000e\000r\000s\000i\000o\000n\000\050\000\051}{subsection.5.13.1}% 123
\BOOKMARK [3][-]{subsubsection.5.13.1.10}{\376\377\0005\000.\0001\0003\000.\0001\000.\0001\0000\000\040\000s\000e\000t\000A\000c\000t\000i\000o\000n\000\050\000Q\000A\000c\000t\000i\000o\000n\000\040\000*\000l\000p\000A\000c\000t\000i\000o\000n\000\051}{subsection.5.13.1}% 124
\BOOKMARK [1][-]{section.5.14}{\376\377\0005\000.\0001\0004\000\040\000c\000S\000Q\000L\000i\000t\000e\000P\000l\000u\000g\000i\000n\000\040\000C\000l\000a\000s\000s\000\040\000R\000e\000f\000e\000r\000e\000n\000c\000e}{chapter.5}% 125
\BOOKMARK [2][-]{subsection.5.14.1}{\376\377\0005\000.\0001\0004\000.\0001\000\040\000M\000e\000m\000b\000e\000r\000\040\000F\000u\000n\000c\000t\000i\000o\000n\000\040\000D\000o\000c\000u\000m\000e\000n\000t\000a\000t\000i\000o\000n}{section.5.14}% 126
\BOOKMARK [3][-]{subsubsection.5.14.1.1}{\376\377\0005\000.\0001\0004\000.\0001\000.\0001\000\040\000c\000o\000n\000f\000i\000g\000\050\000\051}{subsection.5.14.1}% 127
\BOOKMARK [3][-]{subsubsection.5.14.1.2}{\376\377\0005\000.\0001\0004\000.\0001\000.\0002\000\040\000c\000o\000n\000n\000e\000c\000t\000\050\000\051}{subsection.5.14.1}% 128
\BOOKMARK [3][-]{subsubsection.5.14.1.3}{\376\377\0005\000.\0001\0004\000.\0001\000.\0003\000\040\000i\000n\000i\000t\000\050\000\051}{subsection.5.14.1}% 129
\BOOKMARK [3][-]{subsubsection.5.14.1.4}{\376\377\0005\000.\0001\0004\000.\0001\000.\0004\000\040\000l\000a\000s\000t\000E\000r\000r\000o\000r\000\050\000\051}{subsection.5.14.1}% 130
\BOOKMARK [3][-]{subsubsection.5.14.1.5}{\376\377\0005\000.\0001\0004\000.\0001\000.\0005\000\040\000o\000p\000e\000n\000\050\000\051}{subsection.5.14.1}% 131
\BOOKMARK [3][-]{subsubsection.5.14.1.6}{\376\377\0005\000.\0001\0004\000.\0001\000.\0006\000\040\000p\000l\000u\000g\000i\000n\000A\000P\000I\000V\000e\000r\000s\000i\000o\000n\000\050\000\051}{subsection.5.14.1}% 132
\BOOKMARK [3][-]{subsubsection.5.14.1.7}{\376\377\0005\000.\0001\0004\000.\0001\000.\0007\000\040\000p\000l\000u\000g\000i\000n\000N\000a\000m\000e\000\050\000\051}{subsection.5.14.1}% 133
\BOOKMARK [3][-]{subsubsection.5.14.1.8}{\376\377\0005\000.\0001\0004\000.\0001\000.\0008\000\040\000p\000l\000u\000g\000i\000n\000T\000y\000p\000e\000\050\000\051}{subsection.5.14.1}% 134
\BOOKMARK [3][-]{subsubsection.5.14.1.9}{\376\377\0005\000.\0001\0004\000.\0001\000.\0009\000\040\000p\000l\000u\000g\000i\000n\000V\000e\000r\000s\000i\000o\000n\000\050\000\051}{subsection.5.14.1}% 135
\BOOKMARK [2][-]{subsection.5.14.2}{\376\377\0005\000.\0001\0004\000.\0002\000\040\000M\000e\000m\000b\000e\000r\000\040\000D\000a\000t\000a\000\040\000D\000o\000c\000u\000m\000e\000n\000t\000a\000t\000i\000o\000n}{section.5.14}% 136
\BOOKMARK [3][-]{subsubsection.5.14.2.1}{\376\377\0005\000.\0001\0004\000.\0002\000.\0001\000\040\000m\000d\000b}{subsection.5.14.2}% 137
\BOOKMARK [3][-]{subsubsection.5.14.2.2}{\376\377\0005\000.\0001\0004\000.\0002\000.\0002\000\040\000m\000s\000z\000L\000a\000s\000t\000E\000r\000r\000o\000r}{subsection.5.14.2}% 138
\BOOKMARK [1][-]{section.5.15}{\376\377\0005\000.\0001\0005\000\040\000q\000t\000\137\000m\000e\000t\000a\000\137\000s\000t\000r\000i\000n\000g\000d\000a\000t\000a\000\137\000c\000E\000r\000n\000a\000e\000h\000r\000u\000n\000g\000P\000l\000u\000g\000i\000n\000\137\000t\000\040\000S\000t\000r\000u\000c\000t\000\040\000R\000e\000f\000e\000r\000e\000n\000c\000e}{chapter.5}% 139
\BOOKMARK [1][-]{section.5.16}{\376\377\0005\000.\0001\0006\000\040\000t\000a\000g\000G\000R\000O\000U\000P\000N\000A\000M\000E\000\040\000S\000t\000r\000u\000c\000t\000\040\000R\000e\000f\000e\000r\000e\000n\000c\000e}{chapter.5}% 140
\BOOKMARK [1][-]{section.5.17}{\376\377\0005\000.\0001\0007\000\040\000t\000a\000g\000M\000A\000P\000P\000E\000R\000\040\000S\000t\000r\000u\000c\000t\000\040\000R\000e\000f\000e\000r\000e\000n\000c\000e}{chapter.5}% 141
\BOOKMARK [1][-]{section.5.18}{\376\377\0005\000.\0001\0008\000\040\000t\000a\000g\000V\000A\000L\000U\000E\000S\000\040\000S\000t\000r\000u\000c\000t\000\040\000R\000e\000f\000e\000r\000e\000n\000c\000e}{chapter.5}% 142
\BOOKMARK [0][-]{section*.130}{\376\377\000I\000n\000d\000e\000x}{}% 143
